2025-06-04 17:56:11,374 - INFO - MCTS 학습 시작 (총 100 에피소드)
2025-06-04 17:56:33,663 - INFO - 에피소드 10/100 완료
2025-06-04 17:56:33,663 - INFO - 현재 성공률: 30.00%
2025-06-04 17:56:55,780 - INFO - 에피소드 20/100 완료
2025-06-04 17:56:55,780 - INFO - 현재 성공률: 40.00%
2025-06-04 17:57:17,566 - INFO - 에피소드 30/100 완료
2025-06-04 17:57:17,566 - INFO - 현재 성공률: 50.00%
2025-06-04 17:57:39,780 - INFO - 에피소드 40/100 완료
2025-06-04 17:57:39,780 - INFO - 현재 성공률: 52.50%
2025-06-04 17:58:02,383 - INFO - 에피소드 50/100 완료
2025-06-04 17:58:02,383 - INFO - 현재 성공률: 48.00%
2025-06-04 17:58:24,527 - INFO - 에피소드 60/100 완료
2025-06-04 17:58:24,528 - INFO - 현재 성공률: 50.00%
2025-06-04 17:58:46,512 - INFO - 에피소드 70/100 완료
2025-06-04 17:58:46,512 - INFO - 현재 성공률: 51.43%
2025-06-04 17:59:09,259 - INFO - 에피소드 80/100 완료
2025-06-04 17:59:09,259 - INFO - 현재 성공률: 50.00%
2025-06-04 17:59:31,807 - INFO - 에피소드 90/100 완료
2025-06-04 17:59:31,808 - INFO - 현재 성공률: 50.00%
2025-06-04 17:59:54,333 - INFO - 에피소드 100/100 완료
2025-06-04 17:59:54,333 - INFO - 현재 성공률: 52.00%
2025-06-04 17:59:54,333 - INFO - 
=== 최종 결과 ===
2025-06-04 17:59:54,333 - INFO - 총 에피소드: 100
2025-06-04 17:59:54,333 - INFO - 성공 횟수: 52
2025-06-04 17:59:54,333 - INFO - 성공률: 52.00%
2025-06-04 17:59:54,334 - INFO - 평균 스텝 수: 28.49
2025-06-04 17:59:54,334 - INFO - 
=== 성공한 에피소드의 평균 상태 ===
2025-06-04 17:59:54,334 - INFO - 평균 A 성공: 7.08
2025-06-04 17:59:54,334 - INFO - 평균 B 성공: 7.10
2025-06-04 17:59:54,334 - INFO - 평균 C 성공: 1.08
2025-06-04 17:59:54,908 - INFO - MCTS 학습 완료
2025-07-09 11:53:29,099 - INFO - MCTS 학습 시작 (총 100 에피소드)
2025-07-09 11:53:51,356 - INFO - 에피소드 10/100 완료
2025-07-09 11:53:51,356 - INFO - 현재 성공률: 20.00%
2025-07-09 11:54:12,975 - INFO - 에피소드 20/100 완료
2025-07-09 11:54:12,975 - INFO - 현재 성공률: 55.00%
2025-07-09 11:54:34,733 - INFO - 에피소드 30/100 완료
2025-07-09 11:54:34,733 - INFO - 현재 성공률: 56.67%
2025-07-09 11:54:56,743 - INFO - 에피소드 40/100 완료
2025-07-09 11:54:56,743 - INFO - 현재 성공률: 57.50%
2025-07-09 11:55:18,790 - INFO - 에피소드 50/100 완료
2025-07-09 11:55:18,790 - INFO - 현재 성공률: 58.00%
2025-07-09 11:55:40,920 - INFO - 에피소드 60/100 완료
2025-07-09 11:55:40,920 - INFO - 현재 성공률: 56.67%
2025-07-09 11:56:03,288 - INFO - 에피소드 70/100 완료
2025-07-09 11:56:03,288 - INFO - 현재 성공률: 51.43%
2025-07-09 11:56:25,563 - INFO - 에피소드 80/100 완료
2025-07-09 11:56:25,564 - INFO - 현재 성공률: 52.50%
2025-07-09 11:56:48,152 - INFO - 에피소드 90/100 완료
2025-07-09 11:56:48,152 - INFO - 현재 성공률: 52.22%
2025-07-09 11:57:10,379 - INFO - 에피소드 100/100 완료
2025-07-09 11:57:10,379 - INFO - 현재 성공률: 55.00%
2025-07-09 11:57:10,379 - INFO - 
=== 최종 결과 ===
2025-07-09 11:57:10,379 - INFO - 총 에피소드: 100
2025-07-09 11:57:10,379 - INFO - 성공 횟수: 55
2025-07-09 11:57:10,379 - INFO - 성공률: 55.00%
2025-07-09 11:57:10,379 - INFO - 평균 스텝 수: 28.65
2025-07-09 11:57:10,380 - INFO - 
=== 성공한 에피소드의 평균 상태 ===
2025-07-09 11:57:10,380 - INFO - 평균 A 성공: 7.07
2025-07-09 11:57:10,380 - INFO - 평균 B 성공: 7.09
2025-07-09 11:57:10,380 - INFO - 평균 C 성공: 1.07
2025-07-09 11:57:11,487 - INFO - MCTS 학습 완료
2025-07-09 12:00:36,058 - INFO - MCTS 학습 시작 (총 100 에피소드)
2025-07-09 12:00:59,045 - INFO - 에피소드 10/100 완료
2025-07-09 12:00:59,045 - INFO - 현재 성공률: 60.00%
2025-07-09 12:01:22,165 - INFO - 에피소드 20/100 완료
2025-07-09 12:01:22,165 - INFO - 현재 성공률: 50.00%
2025-07-09 12:01:44,830 - INFO - 에피소드 30/100 완료
2025-07-09 12:01:44,830 - INFO - 현재 성공률: 53.33%
2025-07-09 12:02:08,140 - INFO - 에피소드 40/100 완료
2025-07-09 12:02:08,141 - INFO - 현재 성공률: 50.00%
2025-07-09 12:02:30,267 - INFO - 에피소드 50/100 완료
2025-07-09 12:02:30,267 - INFO - 현재 성공률: 54.00%
2025-07-09 12:02:52,055 - INFO - 에피소드 60/100 완료
2025-07-09 12:02:52,055 - INFO - 현재 성공률: 55.00%
2025-07-09 12:03:13,730 - INFO - 에피소드 70/100 완료
2025-07-09 12:03:13,731 - INFO - 현재 성공률: 55.71%
2025-07-09 12:03:36,216 - INFO - 에피소드 80/100 완료
2025-07-09 12:03:36,217 - INFO - 현재 성공률: 53.75%
2025-07-09 12:03:58,800 - INFO - 에피소드 90/100 완료
2025-07-09 12:03:58,800 - INFO - 현재 성공률: 53.33%
2025-07-09 12:04:20,798 - INFO - 에피소드 100/100 완료
2025-07-09 12:04:20,798 - INFO - 현재 성공률: 54.00%
2025-07-09 12:04:20,798 - INFO - 
=== 최종 결과 ===
2025-07-09 12:04:20,798 - INFO - 총 에피소드: 100
2025-07-09 12:04:20,798 - INFO - 성공 횟수: 54
2025-07-09 12:04:20,798 - INFO - 성공률: 54.00%
2025-07-09 12:04:20,798 - INFO - 평균 스텝 수: 28.70
2025-07-09 12:04:20,799 - INFO - 
=== 성공한 에피소드의 평균 상태 ===
2025-07-09 12:04:20,799 - INFO - 평균 A 성공: 7.09
2025-07-09 12:04:20,799 - INFO - 평균 B 성공: 7.15
2025-07-09 12:04:20,799 - INFO - 평균 C 성공: 0.89
2025-07-09 12:04:21,379 - INFO - MCTS 학습 완료
2025-07-09 12:17:38,698 - INFO - MCTS 학습 시작 (총 100 에피소드)
2025-07-09 12:18:01,155 - INFO - 에피소드 10/100 완료
2025-07-09 12:18:01,156 - INFO - 현재 성공률: 40.00%
2025-07-09 12:18:22,520 - INFO - 에피소드 20/100 완료
2025-07-09 12:18:22,520 - INFO - 현재 성공률: 55.00%
2025-07-09 12:18:44,538 - INFO - 에피소드 30/100 완료
2025-07-09 12:18:44,538 - INFO - 현재 성공률: 53.33%
2025-07-09 12:19:07,002 - INFO - 에피소드 40/100 완료
2025-07-09 12:19:07,002 - INFO - 현재 성공률: 52.50%
2025-07-09 12:19:28,865 - INFO - 에피소드 50/100 완료
2025-07-09 12:19:28,866 - INFO - 현재 성공률: 52.00%
2025-07-09 12:19:51,062 - INFO - 에피소드 60/100 완료
2025-07-09 12:19:51,062 - INFO - 현재 성공률: 50.00%
2025-07-09 12:20:13,064 - INFO - 에피소드 70/100 완료
2025-07-09 12:20:13,065 - INFO - 현재 성공률: 48.57%
2025-07-09 12:20:35,846 - INFO - 에피소드 80/100 완료
2025-07-09 12:20:35,846 - INFO - 현재 성공률: 50.00%
2025-07-09 12:20:57,751 - INFO - 에피소드 90/100 완료
2025-07-09 12:20:57,751 - INFO - 현재 성공률: 50.00%
2025-07-09 12:21:19,297 - INFO - 에피소드 100/100 완료
2025-07-09 12:21:19,298 - INFO - 현재 성공률: 50.00%
2025-07-09 12:21:19,298 - INFO - 
=== 최종 결과 ===
2025-07-09 12:21:19,298 - INFO - 총 에피소드: 100
2025-07-09 12:21:19,298 - INFO - 성공 횟수: 50
2025-07-09 12:21:19,298 - INFO - 성공률: 50.00%
2025-07-09 12:21:19,298 - INFO - 평균 스텝 수: 28.56
2025-07-09 12:21:19,298 - INFO - 
=== 성공한 에피소드의 평균 상태 ===
2025-07-09 12:21:19,298 - INFO - 평균 A 성공: 7.10
2025-07-09 12:21:19,298 - INFO - 평균 B 성공: 7.10
2025-07-09 12:21:19,299 - INFO - 평균 C 성공: 0.92
2025-07-09 12:21:19,848 - INFO - MCTS 학습 완료
